# JRE version: Java(TM) SE Runtime Environment (7.0_79-b15) (build 1.7.0_79-b15)
# Java VM: Java HotSpot(TM) 64-Bit Server VM (24.79-b02 mixed mode windows-amd64 compressed oops)
Heap
 PSYoungGen      total 136192K, used 25169K [0x00000000eb600000, 0x00000000f9400000, 0x0000000100000000)
  eden space 128000K, 13% used [0x00000000eb600000,0x00000000ec697b40,0x00000000f3300000)
  from space 8192K, 99% used [0x00000000f3300000,0x00000000f3afc938,0x00000000f3b00000)
  to   space 11264K, 0% used [0x00000000f8900000,0x00000000f8900000,0x00000000f9400000)
 ParOldGen       total 41984K, used 8522K [0x00000000c2200000, 0x00000000c4b00000, 0x00000000eb600000)
  object space 41984K, 20% used [0x00000000c2200000,0x00000000c2a52880,0x00000000c4b00000)
 PSPermGen       total 22528K, used 22164K [0x00000000bd000000, 0x00000000be600000, 0x00000000c2200000)
  object space 22528K, 98% used [0x00000000bd000000,0x00000000be5a5008,0x00000000be600000)
GC Heap History (10 events):
Event: 3.262 GC heap before
{Heap before GC invocations=5 (full 0):
 PSYoungGen      total 35328K, used 35097K [0x00000000eb600000, 0x00000000edb00000, 0x0000000100000000)
  eden space 32768K, 100% used [0x00000000eb600000,0x00000000ed600000,0x00000000ed600000)
  from space 2560K, 90% used [0x00000000ed880000,0x00000000edac6440,0x00000000edb00000)
  to   space 2560K, 0% used [0x00000000ed600000,0x00000000ed600000,0x00000000ed880000)
 ParOldGen       total 41984K, used 24K [0x00000000c2200000, 0x00000000c4b00000, 0x00000000eb600000)
  object space 41984K, 0% used [0x00000000c2200000,0x00000000c2206000,0x00000000c4b00000)
 PSPermGen       total 21504K, used 7323K [0x00000000bd000000, 0x00000000be500000, 0x00000000c2200000)
  object space 21504K, 34% used [0x00000000bd000000,0x00000000bd726ef8,0x00000000be500000)
Event: 3.270 GC heap after
Heap after GC invocations=5 (full 0):
 PSYoungGen      total 35328K, used 2540K [0x00000000eb600000, 0x00000000eff00000, 0x0000000100000000)
  eden space 32768K, 0% used [0x00000000eb600000,0x00000000eb600000,0x00000000ed600000)
  from space 2560K, 99% used [0x00000000ed600000,0x00000000ed87b170,0x00000000ed880000)
  to   space 4608K, 0% used [0x00000000efa80000,0x00000000efa80000,0x00000000eff00000)
 ParOldGen       total 41984K, used 1815K [0x00000000c2200000, 0x00000000c4b00000, 0x00000000eb600000)
  object space 41984K, 4% used [0x00000000c2200000,0x00000000c23c5ee8,0x00000000c4b00000)
 PSPermGen       total 21504K, used 7323K [0x00000000bd000000, 0x00000000be500000, 0x00000000c2200000)
  object space 21504K, 34% used [0x00000000bd000000,0x00000000bd726ef8,0x00000000be500000)
}
Event: 27.628 GC heap before
{Heap before GC invocations=6 (full 0):
 PSYoungGen      total 35328K, used 35308K [0x00000000eb600000, 0x00000000eff00000, 0x0000000100000000)
  eden space 32768K, 100% used [0x00000000eb600000,0x00000000ed600000,0x00000000ed600000)
  from space 2560K, 99% used [0x00000000ed600000,0x00000000ed87b170,0x00000000ed880000)
  to   space 4608K, 0% used [0x00000000efa80000,0x00000000efa80000,0x00000000eff00000)
 ParOldGen       total 41984K, used 1815K [0x00000000c2200000, 0x00000000c4b00000, 0x00000000eb600000)
  object space 41984K, 4% used [0x00000000c2200000,0x00000000c23c5ee8,0x00000000c4b00000)
 PSPermGen       total 21504K, used 9538K [0x00000000bd000000, 0x00000000be500000, 0x00000000c2200000)
  object space 21504K, 44% used [0x00000000bd000000,0x00000000bd950988,0x00000000be500000)
Event: 27.635 GC heap after
Heap after GC invocations=6 (full 0):
 PSYoungGen      total 69120K, used 4588K [0x00000000eb600000, 0x00000000f0100000, 0x0000000100000000)
  eden space 64512K, 0% used [0x00000000eb600000,0x00000000eb600000,0x00000000ef500000)
  from space 4608K, 99% used [0x00000000efa80000,0x00000000efefb0a8,0x00000000eff00000)
  to   space 5632K, 0% used [0x00000000ef500000,0x00000000ef500000,0x00000000efa80000)
 ParOldGen       total 41984K, used 1815K [0x00000000c2200000, 0x00000000c4b00000, 0x00000000eb600000)
  object space 41984K, 4% used [0x00000000c2200000,0x00000000c23c5ee8,0x00000000c4b00000)
 PSPermGen       total 21504K, used 9538K [0x00000000bd000000, 0x00000000be500000, 0x00000000c2200000)
  object space 21504K, 44% used [0x00000000bd000000,0x00000000bd950988,0x00000000be500000)
}
Event: 44.507 GC heap before
{Heap before GC invocations=7 (full 0):
 PSYoungGen      total 69120K, used 69100K [0x00000000eb600000, 0x00000000f0100000, 0x0000000100000000)
  eden space 64512K, 100% used [0x00000000eb600000,0x00000000ef500000,0x00000000ef500000)
  from space 4608K, 99% used [0x00000000efa80000,0x00000000efefb0a8,0x00000000eff00000)
  to   space 5632K, 0% used [0x00000000ef500000,0x00000000ef500000,0x00000000efa80000)
 ParOldGen       total 41984K, used 1815K [0x00000000c2200000, 0x00000000c4b00000, 0x00000000eb600000)
  object space 41984K, 4% used [0x00000000c2200000,0x00000000c23c5ee8,0x00000000c4b00000)
 PSPermGen       total 21504K, used 12869K [0x00000000bd000000, 0x00000000be500000, 0x00000000c2200000)
  object space 21504K, 59% used [0x00000000bd000000,0x00000000bdc91648,0x00000000be500000)
Event: 44.520 GC heap after
Heap after GC invocations=7 (full 0):
 PSYoungGen      total 70144K, used 5611K [0x00000000eb600000, 0x00000000f4200000, 0x0000000100000000)
  eden space 64512K, 0% used [0x00000000eb600000,0x00000000eb600000,0x00000000ef500000)
  from space 5632K, 99% used [0x00000000ef500000,0x00000000efa7afd0,0x00000000efa80000)
  to   space 7168K, 0% used [0x00000000f3b00000,0x00000000f3b00000,0x00000000f4200000)
 ParOldGen       total 41984K, used 3366K [0x00000000c2200000, 0x00000000c4b00000, 0x00000000eb600000)
  object space 41984K, 8% used [0x00000000c2200000,0x00000000c2549bb0,0x00000000c4b00000)
 PSPermGen       total 21504K, used 12869K [0x00000000bd000000, 0x00000000be500000, 0x00000000c2200000)
  object space 21504K, 59% used [0x00000000bd000000,0x00000000bdc91648,0x00000000be500000)
}
Event: 58.245 GC heap before
{Heap before GC invocations=8 (full 0):
 PSYoungGen      total 70144K, used 70123K [0x00000000eb600000, 0x00000000f4200000, 0x0000000100000000)
  eden space 64512K, 100% used [0x00000000eb600000,0x00000000ef500000,0x00000000ef500000)
  from space 5632K, 99% used [0x00000000ef500000,0x00000000efa7afd0,0x00000000efa80000)
  to   space 7168K, 0% used [0x00000000f3b00000,0x00000000f3b00000,0x00000000f4200000)
 ParOldGen       total 41984K, used 3366K [0x00000000c2200000, 0x00000000c4b00000, 0x00000000eb600000)
  object space 41984K, 8% used [0x00000000c2200000,0x00000000c2549bb0,0x00000000c4b00000)
 PSPermGen       total 21504K, used 18162K [0x00000000bd000000, 0x00000000be500000, 0x00000000c2200000)
  object space 21504K, 84% used [0x00000000bd000000,0x00000000be1bcbd0,0x00000000be500000)
Event: 58.259 GC heap after
Heap after GC invocations=8 (full 0):
 PSYoungGen      total 135168K, used 6848K [0x00000000eb600000, 0x00000000f4400000, 0x0000000100000000)
  eden space 128000K, 0% used [0x00000000eb600000,0x00000000eb600000,0x00000000f3300000)
  from space 7168K, 95% used [0x00000000f3b00000,0x00000000f41b01d0,0x00000000f4200000)
  to   space 8192K, 0% used [0x00000000f3300000,0x00000000f3300000,0x00000000f3b00000)
 ParOldGen       total 41984K, used 4287K [0x00000000c2200000, 0x00000000c4b00000, 0x00000000eb600000)
  object space 41984K, 10% used [0x00000000c2200000,0x00000000c262feb0,0x00000000c4b00000)
 PSPermGen       total 21504K, used 18162K [0x00000000bd000000, 0x00000000be500000, 0x00000000c2200000)
  object space 21504K, 84% used [0x00000000bd000000,0x00000000be1bcbd0,0x00000000be500000)
}
Event: 61.533 GC heap before
{Heap before GC invocations=9 (full 0):
 PSYoungGen      total 135168K, used 134848K [0x00000000eb600000, 0x00000000f4400000, 0x0000000100000000)
  eden space 128000K, 100% used [0x00000000eb600000,0x00000000f3300000,0x00000000f3300000)
  from space 7168K, 95% used [0x00000000f3b00000,0x00000000f41b01d0,0x00000000f4200000)
  to   space 8192K, 0% used [0x00000000f3300000,0x00000000f3300000,0x00000000f3b00000)
 ParOldGen       total 41984K, used 4287K [0x00000000c2200000, 0x00000000c4b00000, 0x00000000eb600000)
  object space 41984K, 10% used [0x00000000c2200000,0x00000000c262feb0,0x00000000c4b00000)
 PSPermGen       total 21504K, used 21483K [0x00000000bd000000, 0x00000000be500000, 0x00000000c2200000)
  object space 21504K, 99% used [0x00000000bd000000,0x00000000be4fad40,0x00000000be500000)
Event: 61.555 GC heap after
Heap after GC invocations=9 (full 0):
 PSYoungGen      total 136192K, used 8178K [0x00000000eb600000, 0x00000000f9400000, 0x0000000100000000)
  eden space 128000K, 0% used [0x00000000eb600000,0x00000000eb600000,0x00000000f3300000)
  from space 8192K, 99% used [0x00000000f3300000,0x00000000f3afc938,0x00000000f3b00000)
  to   space 11264K, 0% used [0x00000000f8900000,0x00000000f8900000,0x00000000f9400000)
 ParOldGen       total 41984K, used 8522K [0x00000000c2200000, 0x00000000c4b00000, 0x00000000eb600000)
  object space 41984K, 20% used [0x00000000c2200000,0x00000000c2a52880,0x00000000c4b00000)
 PSPermGen       total 21504K, used 21483K [0x00000000bd000000, 0x00000000be500000, 0x00000000c2200000)
  object space 21504K, 99% used [0x00000000bd000000,0x00000000be4fad40,0x00000000be500000)
}

