# JRE version: Java(TM) SE Runtime Environment (7.0_79-b15) (build 1.7.0_79-b15)
# Java VM: Java HotSpot(TM) 64-Bit Server VM (24.79-b02 mixed mode windows-amd64 compressed oops)
Heap
 PSYoungGen      total 136192K, used 25536K [0x00000000eb600000, 0x00000000f4500000, 0x0000000100000000)
  eden space 127488K, 13% used [0x00000000eb600000,0x00000000ec671158,0x00000000f3280000)
  from space 8704K, 99% used [0x00000000f3280000,0x00000000f3aff0f0,0x00000000f3b00000)
  to   space 7168K, 0% used [0x00000000f3b00000,0x00000000f3b00000,0x00000000f4200000)
 ParOldGen       total 41984K, used 7860K [0x00000000c2200000, 0x00000000c4b00000, 0x00000000eb600000)
  object space 41984K, 18% used [0x00000000c2200000,0x00000000c29ad360,0x00000000c4b00000)
 PSPermGen       total 22528K, used 22155K [0x00000000bd000000, 0x00000000be600000, 0x00000000c2200000)
  object space 22528K, 98% used [0x00000000bd000000,0x00000000be5a2ee8,0x00000000be600000)
GC Heap History (10 events):
Event: 1.662 GC heap before
{Heap before GC invocations=5 (full 0):
 PSYoungGen      total 35328K, used 35049K [0x00000000eb600000, 0x00000000edb00000, 0x0000000100000000)
  eden space 32768K, 100% used [0x00000000eb600000,0x00000000ed600000,0x00000000ed600000)
  from space 2560K, 89% used [0x00000000ed880000,0x00000000edaba580,0x00000000edb00000)
  to   space 2560K, 0% used [0x00000000ed600000,0x00000000ed600000,0x00000000ed880000)
 ParOldGen       total 41984K, used 16K [0x00000000c2200000, 0x00000000c4b00000, 0x00000000eb600000)
  object space 41984K, 0% used [0x00000000c2200000,0x00000000c2204000,0x00000000c4b00000)
 PSPermGen       total 21504K, used 7332K [0x00000000bd000000, 0x00000000be500000, 0x00000000c2200000)
  object space 21504K, 34% used [0x00000000bd000000,0x00000000bd729100,0x00000000be500000)
Event: 1.668 GC heap after
Heap after GC invocations=5 (full 0):
 PSYoungGen      total 35328K, used 2540K [0x00000000eb600000, 0x00000000eff00000, 0x0000000100000000)
  eden space 32768K, 0% used [0x00000000eb600000,0x00000000eb600000,0x00000000ed600000)
  from space 2560K, 99% used [0x00000000ed600000,0x00000000ed87b020,0x00000000ed880000)
  to   space 4608K, 0% used [0x00000000efa80000,0x00000000efa80000,0x00000000eff00000)
 ParOldGen       total 41984K, used 1831K [0x00000000c2200000, 0x00000000c4b00000, 0x00000000eb600000)
  object space 41984K, 4% used [0x00000000c2200000,0x00000000c23c9ca0,0x00000000c4b00000)
 PSPermGen       total 21504K, used 7332K [0x00000000bd000000, 0x00000000be500000, 0x00000000c2200000)
  object space 21504K, 34% used [0x00000000bd000000,0x00000000bd729100,0x00000000be500000)
}
Event: 2.647 GC heap before
{Heap before GC invocations=6 (full 0):
 PSYoungGen      total 35328K, used 35308K [0x00000000eb600000, 0x00000000eff00000, 0x0000000100000000)
  eden space 32768K, 100% used [0x00000000eb600000,0x00000000ed600000,0x00000000ed600000)
  from space 2560K, 99% used [0x00000000ed600000,0x00000000ed87b020,0x00000000ed880000)
  to   space 4608K, 0% used [0x00000000efa80000,0x00000000efa80000,0x00000000eff00000)
 ParOldGen       total 41984K, used 1831K [0x00000000c2200000, 0x00000000c4b00000, 0x00000000eb600000)
  object space 41984K, 4% used [0x00000000c2200000,0x00000000c23c9ca0,0x00000000c4b00000)
 PSPermGen       total 21504K, used 9538K [0x00000000bd000000, 0x00000000be500000, 0x00000000c2200000)
  object space 21504K, 44% used [0x00000000bd000000,0x00000000bd950a50,0x00000000be500000)
Event: 2.655 GC heap after
Heap after GC invocations=6 (full 0):
 PSYoungGen      total 69120K, used 4570K [0x00000000eb600000, 0x00000000f0100000, 0x0000000100000000)
  eden space 64512K, 0% used [0x00000000eb600000,0x00000000eb600000,0x00000000ef500000)
  from space 4608K, 99% used [0x00000000efa80000,0x00000000efef69c0,0x00000000eff00000)
  to   space 5632K, 0% used [0x00000000ef500000,0x00000000ef500000,0x00000000efa80000)
 ParOldGen       total 41984K, used 1831K [0x00000000c2200000, 0x00000000c4b00000, 0x00000000eb600000)
  object space 41984K, 4% used [0x00000000c2200000,0x00000000c23c9ca0,0x00000000c4b00000)
 PSPermGen       total 21504K, used 9538K [0x00000000bd000000, 0x00000000be500000, 0x00000000c2200000)
  object space 21504K, 44% used [0x00000000bd000000,0x00000000bd950a50,0x00000000be500000)
}
Event: 4.188 GC heap before
{Heap before GC invocations=7 (full 0):
 PSYoungGen      total 69120K, used 69082K [0x00000000eb600000, 0x00000000f0100000, 0x0000000100000000)
  eden space 64512K, 100% used [0x00000000eb600000,0x00000000ef500000,0x00000000ef500000)
  from space 4608K, 99% used [0x00000000efa80000,0x00000000efef69c0,0x00000000eff00000)
  to   space 5632K, 0% used [0x00000000ef500000,0x00000000ef500000,0x00000000efa80000)
 ParOldGen       total 41984K, used 1831K [0x00000000c2200000, 0x00000000c4b00000, 0x00000000eb600000)
  object space 41984K, 4% used [0x00000000c2200000,0x00000000c23c9ca0,0x00000000c4b00000)
 PSPermGen       total 21504K, used 12870K [0x00000000bd000000, 0x00000000be500000, 0x00000000c2200000)
  object space 21504K, 59% used [0x00000000bd000000,0x00000000bdc91ab8,0x00000000be500000)
Event: 4.201 GC heap after
Heap after GC invocations=7 (full 0):
 PSYoungGen      total 70144K, used 5624K [0x00000000eb600000, 0x00000000f4200000, 0x0000000100000000)
  eden space 64512K, 0% used [0x00000000eb600000,0x00000000eb600000,0x00000000ef500000)
  from space 5632K, 99% used [0x00000000ef500000,0x00000000efa7e340,0x00000000efa80000)
  to   space 7168K, 0% used [0x00000000f3b00000,0x00000000f3b00000,0x00000000f4200000)
 ParOldGen       total 41984K, used 3453K [0x00000000c2200000, 0x00000000c4b00000, 0x00000000eb600000)
  object space 41984K, 8% used [0x00000000c2200000,0x00000000c255f790,0x00000000c4b00000)
 PSPermGen       total 21504K, used 12870K [0x00000000bd000000, 0x00000000be500000, 0x00000000c2200000)
  object space 21504K, 59% used [0x00000000bd000000,0x00000000bdc91ab8,0x00000000be500000)
}
Event: 6.267 GC heap before
{Heap before GC invocations=8 (full 0):
 PSYoungGen      total 70144K, used 70136K [0x00000000eb600000, 0x00000000f4200000, 0x0000000100000000)
  eden space 64512K, 100% used [0x00000000eb600000,0x00000000ef500000,0x00000000ef500000)
  from space 5632K, 99% used [0x00000000ef500000,0x00000000efa7e340,0x00000000efa80000)
  to   space 7168K, 0% used [0x00000000f3b00000,0x00000000f3b00000,0x00000000f4200000)
 ParOldGen       total 41984K, used 3453K [0x00000000c2200000, 0x00000000c4b00000, 0x00000000eb600000)
  object space 41984K, 8% used [0x00000000c2200000,0x00000000c255f790,0x00000000c4b00000)
 PSPermGen       total 21504K, used 18199K [0x00000000bd000000, 0x00000000be500000, 0x00000000c2200000)
  object space 21504K, 84% used [0x00000000bd000000,0x00000000be1c5cb8,0x00000000be500000)
Event: 6.281 GC heap after
Heap after GC invocations=8 (full 0):
 PSYoungGen      total 134656K, used 6873K [0x00000000eb600000, 0x00000000f4500000, 0x0000000100000000)
  eden space 127488K, 0% used [0x00000000eb600000,0x00000000eb600000,0x00000000f3280000)
  from space 7168K, 95% used [0x00000000f3b00000,0x00000000f41b6608,0x00000000f4200000)
  to   space 8704K, 0% used [0x00000000f3280000,0x00000000f3280000,0x00000000f3b00000)
 ParOldGen       total 41984K, used 4198K [0x00000000c2200000, 0x00000000c4b00000, 0x00000000eb600000)
  object space 41984K, 9% used [0x00000000c2200000,0x00000000c2619920,0x00000000c4b00000)
 PSPermGen       total 21504K, used 18199K [0x00000000bd000000, 0x00000000be500000, 0x00000000c2200000)
  object space 21504K, 84% used [0x00000000bd000000,0x00000000be1c5cb8,0x00000000be500000)
}
Event: 10.723 GC heap before
{Heap before GC invocations=9 (full 0):
 PSYoungGen      total 134656K, used 134361K [0x00000000eb600000, 0x00000000f4500000, 0x0000000100000000)
  eden space 127488K, 100% used [0x00000000eb600000,0x00000000f3280000,0x00000000f3280000)
  from space 7168K, 95% used [0x00000000f3b00000,0x00000000f41b6608,0x00000000f4200000)
  to   space 8704K, 0% used [0x00000000f3280000,0x00000000f3280000,0x00000000f3b00000)
 ParOldGen       total 41984K, used 4198K [0x00000000c2200000, 0x00000000c4b00000, 0x00000000eb600000)
  object space 41984K, 9% used [0x00000000c2200000,0x00000000c2619920,0x00000000c4b00000)
 PSPermGen       total 21504K, used 21480K [0x00000000bd000000, 0x00000000be500000, 0x00000000c2200000)
  object space 21504K, 99% used [0x00000000bd000000,0x00000000be4fa390,0x00000000be500000)
Event: 10.756 GC heap after
Heap after GC invocations=9 (full 0):
 PSYoungGen      total 136192K, used 8700K [0x00000000eb600000, 0x00000000f4500000, 0x0000000100000000)
  eden space 127488K, 0% used [0x00000000eb600000,0x00000000eb600000,0x00000000f3280000)
  from space 8704K, 99% used [0x00000000f3280000,0x00000000f3aff0f0,0x00000000f3b00000)
  to   space 7168K, 0% used [0x00000000f3b00000,0x00000000f3b00000,0x00000000f4200000)
 ParOldGen       total 41984K, used 7860K [0x00000000c2200000, 0x00000000c4b00000, 0x00000000eb600000)
  object space 41984K, 18% used [0x00000000c2200000,0x00000000c29ad360,0x00000000c4b00000)
 PSPermGen       total 21504K, used 21480K [0x00000000bd000000, 0x00000000be500000, 0x00000000c2200000)
  object space 21504K, 99% used [0x00000000bd000000,0x00000000be4fa390,0x00000000be500000)
}

